TN:
SF:/Users/zillow/Desktop/401Labs/lab30/graph.js
FN:2,(anonymous_0)
FN:6,(anonymous_1)
FN:12,(anonymous_2)
FN:37,(anonymous_3)
FN:44,(anonymous_4)
FN:51,(anonymous_5)
FNF:6
FNH:6
FNDA:12,(anonymous_0)
FNDA:37,(anonymous_1)
FNDA:10,(anonymous_2)
FNDA:4,(anonymous_3)
FNDA:4,(anonymous_4)
FNDA:19,(anonymous_5)
DA:3,12
DA:8,37
DA:9,37
DA:13,10
DA:14,0
DA:17,10
DA:18,10
DA:19,10
DA:20,9
DA:21,6
DA:22,6
DA:24,3
DA:25,3
DA:26,3
DA:27,3
DA:28,3
DA:29,3
DA:33,1
DA:38,4
DA:39,3
DA:41,1
DA:45,4
DA:46,0
DA:48,4
DA:52,19
DA:56,1
LF:26
LH:24
BRDA:13,0,0,0
BRDA:13,0,1,10
BRDA:19,1,0,9
BRDA:19,1,1,1
BRDA:20,2,0,6
BRDA:20,2,1,3
BRDA:38,3,0,3
BRDA:38,3,1,1
BRDA:45,4,0,0
BRDA:45,4,1,4
BRF:10
BRH:8
end_of_record
